<?xml version="1.0" encoding="UTF-8"?>
<!-- Generated by org.testng.reporters.JUnitReportReporter -->
<testsuite hostname="DESKTOP-S9DS68J" failures="0" tests="1" name="test1.Google" time="14.389" errors="0" timestamp="2024-03-17T12:49:40 IST" skipped="0">
  <testcase classname="test1.Google" name="flipkart" time="14.389"/>
  <system-out/>
</testsuite> <!-- test1.Google -->
